<?xml version="1.0" encoding="UTF-8"?>
<!-- Generated by org.testng.reporters.JUnitReportReporter -->
<testsuite hostname="Phaedros" name="net.groot.data.InvocationNewsTest" tests="21" failures="1" timestamp="23 Feb 2020 23:06:43 GMT" time="0.043" errors="0">
  <testcase name="webParameterTest" time="0.001" classname="net.groot.data.InvocationNewsTest">
    <failure type="org.testng.TestNGException" message="
Parameter &#039;env&#039; is required by @Test on method webParameterTest but has not been marked @Optional or defined
in C:\Users\thoma\AppData\Local\Temp\testng-eclipse--1827764408\testng-customsuite.xml">
      <![CDATA[org.testng.TestNGException: 
Parameter 'env' is required by @Test on method webParameterTest but has not been marked @Optional or defined
in C:\Users\thoma\AppData\Local\Temp\testng-eclipse--1827764408\testng-customsuite.xml
	at org.testng.internal.Parameters.createParameters(Parameters.java:155)
	at org.testng.internal.Parameters.createParameters(Parameters.java:355)
	at org.testng.internal.Parameters.handleParameters(Parameters.java:447)
	at org.testng.internal.Invoker.handleParameters(Invoker.java:1383)
	at org.testng.internal.Invoker.createParameters(Invoker.java:1075)
	at org.testng.internal.Invoker.invokeTestMethods(Invoker.java:1180)
	at org.testng.internal.TestMethodWorker.invokeTestMethods(TestMethodWorker.java:127)
	at org.testng.internal.TestMethodWorker.run(TestMethodWorker.java:111)
	at org.testng.TestRunner.privateRun(TestRunner.java:767)
	at org.testng.TestRunner.run(TestRunner.java:617)
	at org.testng.SuiteRunner.runTest(SuiteRunner.java:334)
	at org.testng.SuiteRunner.runSequentially(SuiteRunner.java:329)
	at org.testng.SuiteRunner.privateRun(SuiteRunner.java:291)
	at org.testng.SuiteRunner.run(SuiteRunner.java:240)
	at org.testng.SuiteRunnerWorker.runSuite(SuiteRunnerWorker.java:52)
	at org.testng.SuiteRunnerWorker.run(SuiteRunnerWorker.java:86)
	at org.testng.TestNG.runSuitesSequentially(TestNG.java:1198)
	at org.testng.TestNG.runSuitesLocally(TestNG.java:1123)
	at org.testng.TestNG.run(TestNG.java:1031)
	at org.testng.remote.AbstractRemoteTestNG.run(AbstractRemoteTestNG.java:115)
	at org.testng.remote.RemoteTestNG.initAndRun(RemoteTestNG.java:251)
	at org.testng.remote.RemoteTestNG.main(RemoteTestNG.java:77)
]]>
    </failure>
  </testcase> <!-- webParameterTest -->
  <testcase name="mathError" time="0.001" classname="net.groot.data.InvocationNewsTest"/>
  <testcase name="mathError" time="0.001" classname="net.groot.data.InvocationNewsTest"/>
  <testcase name="math" time="0.004" classname="net.groot.data.InvocationNewsTest"/>
  <testcase name="SearchBarMethod" time="0.007" classname="net.groot.data.InvocationNewsTest"/>
  <testcase name="mathError" time="0.002" classname="net.groot.data.InvocationNewsTest"/>
  <testcase name="mathError" time="0.001" classname="net.groot.data.InvocationNewsTest"/>
  <testcase name="math" time="0.006" classname="net.groot.data.InvocationNewsTest"/>
  <testcase name="math" time="0.004" classname="net.groot.data.InvocationNewsTest"/>
  <testcase name="invokeProvider" time="0.002" classname="net.groot.data.InvocationNewsTest"/>
  <testcase name="invokeProvider" time="0.001" classname="net.groot.data.InvocationNewsTest"/>
  <testcase name="mathError" time="0.003" classname="net.groot.data.InvocationNewsTest"/>
  <testcase name="mathError" time="0.000" classname="net.groot.data.InvocationNewsTest"/>
  <testcase name="invokeProvider" time="0.001" classname="net.groot.data.InvocationNewsTest"/>
  <testcase name="invokeProvider" time="0.001" classname="net.groot.data.InvocationNewsTest"/>
  <testcase name="mathError" time="0.000" classname="net.groot.data.InvocationNewsTest"/>
  <testcase name="invokeProvider" time="0.002" classname="net.groot.data.InvocationNewsTest"/>
  <testcase name="invokeProvider" time="0.002" classname="net.groot.data.InvocationNewsTest"/>
  <testcase name="mathError" time="0.003" classname="net.groot.data.InvocationNewsTest"/>
  <testcase name="mathError" time="0.000" classname="net.groot.data.InvocationNewsTest"/>
  <testcase name="mathError" time="0.001" classname="net.groot.data.InvocationNewsTest"/>
</testsuite> <!-- net.groot.data.InvocationNewsTest -->
